Months to cycle:  34
Rabbits per litter:  2


Atualizando o mês...


Mês atual:  2
NR:  1
Atualizando o mês...


Mês atual:  3
NR:  1
Atualizando o mês...


Mês atual:  4
NR:  3
Atualizando o mês...


Mês atual:  5
NR:  5
Atualizando o mês...


Mês atual:  6
NR:  11
Atualizando o mês...


Mês atual:  7
NR:  21
Atualizando o mês...


Mês atual:  8
NR:  43
Atualizando o mês...


Mês atual:  9
NR:  85
Atualizando o mês...


Mês atual:  10
NR:  171
Atualizando o mês...


Mês atual:  11
NR:  341
Atualizando o mês...


Mês atual:  12
NR:  683
Atualizando o mês...


Mês atual:  13
NR:  1365
Atualizando o mês...


Mês atual:  14
NR:  2731
Atualizando o mês...


Mês atual:  15
NR:  5461
Atualizando o mês...


Mês atual:  16
NR:  10923
Atualizando o mês...


Mês atual:  17
NR:  21845
Atualizando o mês...


Mês atual:  18
NR:  43691
Atualizando o mês...


Mês atual:  19
NR:  87381
Atualizando o mês...


Mês atual:  20
NR:  174763
Atualizando o mês...


Mês atual:  21
NR:  349525
Atualizando o mês...


Mês atual:  22
NR:  699051
Atualizando o mês...


Mês atual:  23
NR:  1398101
Atualizando o mês...


Mês atual:  24
NR:  2796203
Atualizando o mês...


Mês atual:  25
NR:  5592405
Atualizando o mês...


Mês atual:  26
NR:  11184811
Atualizando o mês...


Mês atual:  27
NR:  22369621
Atualizando o mês...


Mês atual:  28
NR:  44739243
Atualizando o mês...


Mês atual:  29
NR:  89478485
Atualizando o mês...


Mês atual:  30
NR:  178956971
Atualizando o mês...


Mês atual:  31
NR:  357913941
Atualizando o mês...


Mês atual:  32
NR:  715827883
Atualizando o mês...


Mês atual:  33
NR:  1431655765
Atualizando o mês...


Mês atual:  34
NR:  2863311531
Atualizando o mês...


Mês atual:  35
NR:  5726623061
