Months to cycle:  90
Rabbits per litter:  1
Life expectancy:  19


No one died this month.
Previous month :  2
Two months past:  1
Current month:  4
Rabbits for this month:  3 

No one died this month.
Previous month :  3
Two months past:  2
Current month:  5
Rabbits for this month:  5 

No one died this month.
Previous month :  5
Two months past:  3
Current month:  6
Rabbits for this month:  8 

No one died this month.
Previous month :  8
Two months past:  5
Current month:  7
Rabbits for this month:  13 

No one died this month.
Previous month :  13
Two months past:  8
Current month:  8
Rabbits for this month:  21 

No one died this month.
Previous month :  21
Two months past:  13
Current month:  9
Rabbits for this month:  34 

No one died this month.
Previous month :  34
Two months past:  21
Current month:  10
Rabbits for this month:  55 

No one died this month.
Previous month :  55
Two months past:  34
Current month:  11
Rabbits for this month:  89 

No one died this month.
Previous month :  89
Two months past:  55
Current month:  12
Rabbits for this month:  144 

No one died this month.
Previous month :  144
Two months past:  89
Current month:  13
Rabbits for this month:  233 

No one died this month.
Previous month :  233
Two months past:  144
Current month:  14
Rabbits for this month:  377 

No one died this month.
Previous month :  377
Two months past:  233
Current month:  15
Rabbits for this month:  610 

No one died this month.
Previous month :  610
Two months past:  377
Current month:  16
Rabbits for this month:  987 

No one died this month.
Previous month :  987
Two months past:  610
Current month:  17
Rabbits for this month:  1597 

No one died this month.
Previous month :  1597
Two months past:  987
Current month:  18
Rabbits for this month:  2584 

No one died this month.
Previous month :  2584
Two months past:  1597
Current month:  19
Rabbits for this month:  4181 

Discount:  1
Previous month :  4181
Two months past:  2584
Current month:  20
Rabbits for this month:  6764 

Discount:  1
Previous month :  6764
Two months past:  4181
Current month:  21
Rabbits for this month:  10944 

Discount:  1
Previous month :  10944
Two months past:  6764
Current month:  22
Rabbits for this month:  17707 

Discount:  2
Previous month :  17707
Two months past:  10944
Current month:  23
Rabbits for this month:  28649 

Discount:  3
Previous month :  28649
Two months past:  17707
Current month:  24
Rabbits for this month:  46353 

Discount:  5
Previous month :  46353
Two months past:  28649
Current month:  25
Rabbits for this month:  74997 

Discount:  8
Previous month :  74997
Two months past:  46353
Current month:  26
Rabbits for this month:  121342 

Discount:  13
Previous month :  121342
Two months past:  74997
Current month:  27
Rabbits for this month:  196326 

Discount:  21
Previous month :  196326
Two months past:  121342
Current month:  28
Rabbits for this month:  317647 

Discount:  34
Previous month :  317647
Two months past:  196326
Current month:  29
Rabbits for this month:  513939 

Discount:  55
Previous month :  513939
Two months past:  317647
Current month:  30
Rabbits for this month:  831531 

Discount:  89
Previous month :  831531
Two months past:  513939
Current month:  31
Rabbits for this month:  1345381 

Discount:  144
Previous month :  1345381
Two months past:  831531
Current month:  32
Rabbits for this month:  2176768 

Discount:  233
Previous month :  2176768
Two months past:  1345381
Current month:  33
Rabbits for this month:  3521916 

Discount:  377
Previous month :  3521916
Two months past:  2176768
Current month:  34
Rabbits for this month:  5698307 

Discount:  610
Previous month :  5698307
Two months past:  3521916
Current month:  35
Rabbits for this month:  9219613 

Discount:  987
Previous month :  9219613
Two months past:  5698307
Current month:  36
Rabbits for this month:  14916933 

Discount:  1597
Previous month :  14916933
Two months past:  9219613
Current month:  37
Rabbits for this month:  24134949 

Discount:  2584
Previous month :  24134949
Two months past:  14916933
Current month:  38
Rabbits for this month:  39049298 

Discount:  4181
Previous month :  39049298
Two months past:  24134949
Current month:  39
Rabbits for this month:  63180066 

Discount:  6764
Previous month :  63180066
Two months past:  39049298
Current month:  40
Rabbits for this month:  102222600 

Discount:  10944
Previous month :  102222600
Two months past:  63180066
Current month:  41
Rabbits for this month:  165391722 

Discount:  17707
Previous month :  165391722
Two months past:  102222600
Current month:  42
Rabbits for this month:  267596615 

Discount:  28649
Previous month :  267596615
Two months past:  165391722
Current month:  43
Rabbits for this month:  432959688 

Discount:  46353
Previous month :  432959688
Two months past:  267596615
Current month:  44
Rabbits for this month:  700509950 

Discount:  74997
Previous month :  700509950
Two months past:  432959688
Current month:  45
Rabbits for this month:  1133394641 

Discount:  121342
Previous month :  1133394641
Two months past:  700509950
Current month:  46
Rabbits for this month:  1833783249 

Discount:  196326
Previous month :  1833783249
Two months past:  1133394641
Current month:  47
Rabbits for this month:  2966981564 

Discount:  317647
Previous month :  2966981564
Two months past:  1833783249
Current month:  48
Rabbits for this month:  4800447166 

Discount:  513939
Previous month :  4800447166
Two months past:  2966981564
Current month:  49
Rabbits for this month:  7766914791 

Discount:  831531
Previous month :  7766914791
Two months past:  4800447166
Current month:  50
Rabbits for this month:  12566530426 

Discount:  1345381
Previous month :  12566530426
Two months past:  7766914791
Current month:  51
Rabbits for this month:  20332099836 

Discount:  2176768
Previous month :  20332099836
Two months past:  12566530426
Current month:  52
Rabbits for this month:  32896453494 

Discount:  3521916
Previous month :  32896453494
Two months past:  20332099836
Current month:  53
Rabbits for this month:  53225031414 

Discount:  5698307
Previous month :  53225031414
Two months past:  32896453494
Current month:  54
Rabbits for this month:  86115786601 

Discount:  9219613
Previous month :  86115786601
Two months past:  53225031414
Current month:  55
Rabbits for this month:  139331598402 

Discount:  14916933
Previous month :  139331598402
Two months past:  86115786601
Current month:  56
Rabbits for this month:  225432468070 

Discount:  24134949
Previous month :  225432468070
Two months past:  139331598402
Current month:  57
Rabbits for this month:  364739931523 

Discount:  39049298
Previous month :  364739931523
Two months past:  225432468070
Current month:  58
Rabbits for this month:  590133350295 

Discount:  63180066
Previous month :  590133350295
Two months past:  364739931523
Current month:  59
Rabbits for this month:  954810101752 

Discount:  102222600
Previous month :  954810101752
Two months past:  590133350295
Current month:  60
Rabbits for this month:  1544841229447 

Discount:  165391722
Previous month :  1544841229447
Two months past:  954810101752
Current month:  61
Rabbits for this month:  2499485939477 

Discount:  267596615
Previous month :  2499485939477
Two months past:  1544841229447
Current month:  62
Rabbits for this month:  4044059572309 

Discount:  432959688
Previous month :  4044059572309
Two months past:  2499485939477
Current month:  63
Rabbits for this month:  6543112552098 

Discount:  700509950
Previous month :  6543112552098
Two months past:  4044059572309
Current month:  64
Rabbits for this month:  10586471614457 

Discount:  1133394641
Previous month :  10586471614457
Two months past:  6543112552098
Current month:  65
Rabbits for this month:  17128450771914 

Discount:  1833783249
Previous month :  17128450771914
Two months past:  10586471614457
Current month:  66
Rabbits for this month:  27713088603122 

Discount:  2966981564
Previous month :  27713088603122
Two months past:  17128450771914
Current month:  67
Rabbits for this month:  44838572393472 

Discount:  4800447166
Previous month :  44838572393472
Two months past:  27713088603122
Current month:  68
Rabbits for this month:  72546860549428 

Discount:  7766914791
Previous month :  72546860549428
Two months past:  44838572393472
Current month:  69
Rabbits for this month:  117377666028109 

Discount:  12566530426
Previous month :  117377666028109
Two months past:  72546860549428
Current month:  70
Rabbits for this month:  189911960047111 

Discount:  20332099836
Previous month :  189911960047111
Two months past:  117377666028109
Current month:  71
Rabbits for this month:  307269293975384 

Discount:  32896453494
Previous month :  307269293975384
Two months past:  189911960047111
Current month:  72
Rabbits for this month:  497148357569001 

Discount:  53225031414
Previous month :  497148357569001
Two months past:  307269293975384
Current month:  73
Rabbits for this month:  804364426512971 

Discount:  86115786601
Previous month :  804364426512971
Two months past:  497148357569001
Current month:  74
Rabbits for this month:  1301426668295371 

Discount:  139331598402
Previous month :  1301426668295371
Two months past:  804364426512971
Current month:  75
Rabbits for this month:  2105651763209940 

Discount:  225432468070
Previous month :  2105651763209940
Two months past:  1301426668295371
Current month:  76
Rabbits for this month:  3406852999037241 

Discount:  364739931523
Previous month :  3406852999037241
Two months past:  2105651763209940
Current month:  77
Rabbits for this month:  5512140022315658 

Discount:  590133350295
Previous month :  5512140022315658
Two months past:  3406852999037241
Current month:  78
Rabbits for this month:  8918402888002604 

Discount:  954810101752
Previous month :  8918402888002604
Two months past:  5512140022315658
Current month:  79
Rabbits for this month:  14429588100216510 

Discount:  1544841229447
Previous month :  14429588100216510
Two months past:  8918402888002604
Current month:  80
Rabbits for this month:  23346446146989667 

Discount:  2499485939477
Previous month :  23346446146989667
Two months past:  14429588100216510
Current month:  81
Rabbits for this month:  37773534761266700 

Discount:  4044059572309
Previous month :  37773534761266700
Two months past:  23346446146989667
Current month:  82
Rabbits for this month:  61115936848684058 

Discount:  6543112552098
Previous month :  61115936848684058
Two months past:  37773534761266700
Current month:  83
Rabbits for this month:  98882928497398660 

Discount:  10586471614457
Previous month :  98882928497398660
Two months past:  61115936848684058
Current month:  84
Rabbits for this month:  159988278874468261 

Discount:  17128450771914
Previous month :  159988278874468261
Two months past:  98882928497398660
Current month:  85
Rabbits for this month:  258854078921095007 

Discount:  27713088603122
Previous month :  258854078921095007
Two months past:  159988278874468261
Current month:  86
Rabbits for this month:  418814644706960146 

Discount:  44838572393472
Previous month :  418814644706960146
Two months past:  258854078921095007
Current month:  87
Rabbits for this month:  677623885055661681 

Discount:  72546860549428
Previous month :  677623885055661681
Two months past:  418814644706960146
Current month:  88
Rabbits for this month:  1096365982902072399 

Discount:  117377666028109
Previous month :  1096365982902072399
Two months past:  677623885055661681
Current month:  89
Rabbits for this month:  1773872490291705971 

Discount:  189911960047111
Previous month :  1773872490291705971
Two months past:  1096365982902072399
Current month:  90
Rabbits for this month:  2870048561233731259 

{1: 1, 2: 1, 3: 2, 4: 3, 5: 5, 6: 8, 7: 13, 8: 21, 9: 34, 10: 55, 11: 89, 12: 144, 13: 233, 14: 377, 15: 610, 16: 987, 17: 1597, 18: 2584, 19: 4181, 20: 6764, 21: 10944, 22: 17707, 23: 28649, 24: 46353, 25: 74997, 26: 121342, 27: 196326, 28: 317647, 29: 513939, 30: 831531, 31: 1345381, 32: 2176768, 33: 3521916, 34: 5698307, 35: 9219613, 36: 14916933, 37: 24134949, 38: 39049298, 39: 63180066, 40: 102222600, 41: 165391722, 42: 267596615, 43: 432959688, 44: 700509950, 45: 1133394641, 46: 1833783249, 47: 2966981564, 48: 4800447166, 49: 7766914791, 50: 12566530426, 51: 20332099836, 52: 32896453494, 53: 53225031414, 54: 86115786601, 55: 139331598402, 56: 225432468070, 57: 364739931523, 58: 590133350295, 59: 954810101752, 60: 1544841229447, 61: 2499485939477, 62: 4044059572309, 63: 6543112552098, 64: 10586471614457, 65: 17128450771914, 66: 27713088603122, 67: 44838572393472, 68: 72546860549428, 69: 117377666028109, 70: 189911960047111, 71: 307269293975384, 72: 497148357569001, 73: 804364426512971, 74: 1301426668295371, 75: 2105651763209940, 76: 3406852999037241, 77: 5512140022315658, 78: 8918402888002604, 79: 14429588100216510, 80: 23346446146989667, 81: 37773534761266700, 82: 61115936848684058, 83: 98882928497398660, 84: 159988278874468261, 85: 258854078921095007, 86: 418814644706960146, 87: 677623885055661681, 88: 1096365982902072399, 89: 1773872490291705971, 90: 2870048561233731259}
